c:\users\lenovo\source\repos\project5a\debug\vc142.pdb
c:\users\lenovo\source\repos\project5a\debug\vc142.idb
c:\users\lenovo\source\repos\project5a\debug\main.obj
c:\users\lenovo\source\repos\project5a - copia\debug\vc142.pdb
c:\users\lenovo\source\repos\project5a - copia\debug\vc142.idb
c:\users\lenovo\source\repos\project5a - copia\debug\main.obj
c:\users\lenovo\source\repos\project5a - copia\debug\textureloader.obj
c:\users\lenovo\source\repos\project5a\debug\project5a.exe
c:\users\lenovo\source\repos\project5a\debug\project5a.ilk
c:\users\lenovo\source\repos\project5a\debug\project5a.pdb
c:\users\lenovo\source\repos\project5a - copia\debug\project5a.exe
c:\users\lenovo\source\repos\project5a - copia\debug\project5a.ilk
c:\users\lenovo\source\repos\project5a - copia\debug\project5a.pdb
c:\users\lenovo\source\repos\project5a - copia\debug\main.obj.enc
c:\users\lenovo\source\repos\project5a - copia\debug\project5a.tlog\cl.command.1.tlog
c:\users\lenovo\source\repos\project5a - copia\debug\project5a.tlog\cl.read.1.tlog
c:\users\lenovo\source\repos\project5a - copia\debug\project5a.tlog\cl.write.1.tlog
c:\users\lenovo\source\repos\project5a - copia\debug\project5a.tlog\link.command.1.tlog
c:\users\lenovo\source\repos\project5a - copia\debug\project5a.tlog\link.read.1.tlog
c:\users\lenovo\source\repos\project5a - copia\debug\project5a.tlog\link.write.1.tlog
